# JRE version: Java(TM) SE Runtime Environment (8.0_221-b11) (build 1.8.0_221-b11)
# Java VM: Java HotSpot(TM) 64-Bit Server VM (25.221-b11 mixed mode windows-amd64 compressed oops)
Heap:
 PSYoungGen      total 48128K, used 7651K [0x00000000eba00000, 0x00000000ef080000, 0x0000000100000000)
  eden space 44544K, 9% used [0x00000000eba00000,0x00000000ebe39bb8,0x00000000ee580000)
  from space 3584K, 92% used [0x00000000eed00000,0x00000000ef03f3a0,0x00000000ef080000)
  to   space 5632K, 0% used [0x00000000ee580000,0x00000000ee580000,0x00000000eeb00000)
 ParOldGen       total 49664K, used 39189K [0x00000000c2e00000, 0x00000000c5e80000, 0x00000000eba00000)
  object space 49664K, 78% used [0x00000000c2e00000,0x00000000c5445470,0x00000000c5e80000)
 Metaspace       used 27357K, capacity 28222K, committed 28288K, reserved 1073152K
  class space    used 3596K, capacity 3710K, committed 3712K, reserved 1048576K
GC Heap History (10 events):
Event: 4.343 GC heap before
{Heap before GC invocations=5 (full 0):
 PSYoungGen      total 18432K, used 18416K [0x00000000eba00000, 0x00000000ede00000, 0x0000000100000000)
  eden space 15872K, 100% used [0x00000000eba00000,0x00000000ec980000,0x00000000ec980000)
  from space 2560K, 99% used [0x00000000ecc00000,0x00000000ece7c070,0x00000000ece80000)
  to   space 2560K, 0% used [0x00000000ec980000,0x00000000ec980000,0x00000000ecc00000)
 ParOldGen       total 42496K, used 7683K [0x00000000c2e00000, 0x00000000c5780000, 0x00000000eba00000)
  object space 42496K, 18% used [0x00000000c2e00000,0x00000000c3580d90,0x00000000c5780000)
 Metaspace       used 18393K, capacity 19150K, committed 19456K, reserved 1067008K
  class space    used 2574K, capacity 2712K, committed 2816K, reserved 1048576K
Event: 4.357 GC heap after
Heap after GC invocations=5 (full 0):
 PSYoungGen      total 18432K, used 2528K [0x00000000eba00000, 0x00000000ee400000, 0x0000000100000000)
  eden space 15872K, 0% used [0x00000000eba00000,0x00000000eba00000,0x00000000ec980000)
  from space 2560K, 98% used [0x00000000ec980000,0x00000000ecbf80e0,0x00000000ecc00000)
  to   space 5632K, 0% used [0x00000000ede80000,0x00000000ede80000,0x00000000ee400000)
 ParOldGen       total 42496K, used 9337K [0x00000000c2e00000, 0x00000000c5780000, 0x00000000eba00000)
  object space 42496K, 21% used [0x00000000c2e00000,0x00000000c371e6b8,0x00000000c5780000)
 Metaspace       used 18393K, capacity 19150K, committed 19456K, reserved 1067008K
  class space    used 2574K, capacity 2712K, committed 2816K, reserved 1048576K
}
Event: 5.100 GC heap before
{Heap before GC invocations=6 (full 0):
 PSYoungGen      total 18432K, used 13745K [0x00000000eba00000, 0x00000000ee400000, 0x0000000100000000)
  eden space 15872K, 70% used [0x00000000eba00000,0x00000000ec4f4470,0x00000000ec980000)
  from space 2560K, 98% used [0x00000000ec980000,0x00000000ecbf80e0,0x00000000ecc00000)
  to   space 5632K, 0% used [0x00000000ede80000,0x00000000ede80000,0x00000000ee400000)
 ParOldGen       total 42496K, used 9337K [0x00000000c2e00000, 0x00000000c5780000, 0x00000000eba00000)
  object space 42496K, 21% used [0x00000000c2e00000,0x00000000c371e6b8,0x00000000c5780000)
 Metaspace       used 20452K, capacity 21198K, committed 21296K, reserved 1067008K
  class space    used 2762K, capacity 2904K, committed 2944K, reserved 1048576K
Event: 5.158 GC heap after
Heap after GC invocations=6 (full 0):
 PSYoungGen      total 37376K, used 4663K [0x00000000eba00000, 0x00000000ee400000, 0x0000000100000000)
  eden space 31744K, 0% used [0x00000000eba00000,0x00000000eba00000,0x00000000ed900000)
  from space 5632K, 82% used [0x00000000ede80000,0x00000000ee30ddf8,0x00000000ee400000)
  to   space 5632K, 0% used [0x00000000ed900000,0x00000000ed900000,0x00000000ede80000)
 ParOldGen       total 42496K, used 9337K [0x00000000c2e00000, 0x00000000c5780000, 0x00000000eba00000)
  object space 42496K, 21% used [0x00000000c2e00000,0x00000000c371e6b8,0x00000000c5780000)
 Metaspace       used 20452K, capacity 21198K, committed 21296K, reserved 1067008K
  class space    used 2762K, capacity 2904K, committed 2944K, reserved 1048576K
}
Event: 5.158 GC heap before
{Heap before GC invocations=7 (full 1):
 PSYoungGen      total 37376K, used 4663K [0x00000000eba00000, 0x00000000ee400000, 0x0000000100000000)
  eden space 31744K, 0% used [0x00000000eba00000,0x00000000eba00000,0x00000000ed900000)
  from space 5632K, 82% used [0x00000000ede80000,0x00000000ee30ddf8,0x00000000ee400000)
  to   space 5632K, 0% used [0x00000000ed900000,0x00000000ed900000,0x00000000ede80000)
 ParOldGen       total 42496K, used 9337K [0x00000000c2e00000, 0x00000000c5780000, 0x00000000eba00000)
  object space 42496K, 21% used [0x00000000c2e00000,0x00000000c371e6b8,0x00000000c5780000)
 Metaspace       used 20452K, capacity 21198K, committed 21296K, reserved 1067008K
  class space    used 2762K, capacity 2904K, committed 2944K, reserved 1048576K
Event: 5.367 GC heap after
Heap after GC invocations=7 (full 1):
 PSYoungGen      total 37376K, used 0K [0x00000000eba00000, 0x00000000ee400000, 0x0000000100000000)
  eden space 31744K, 0% used [0x00000000eba00000,0x00000000eba00000,0x00000000ed900000)
  from space 5632K, 0% used [0x00000000ede80000,0x00000000ede80000,0x00000000ee400000)
  to   space 5632K, 0% used [0x00000000ed900000,0x00000000ed900000,0x00000000ede80000)
 ParOldGen       total 32768K, used 6405K [0x00000000c2e00000, 0x00000000c4e00000, 0x00000000eba00000)
  object space 32768K, 19% used [0x00000000c2e00000,0x00000000c3441450,0x00000000c4e00000)
 Metaspace       used 20452K, capacity 21198K, committed 21296K, reserved 1067008K
  class space    used 2762K, capacity 2904K, committed 2944K, reserved 1048576K
}
Event: 33.899 GC heap before
{Heap before GC invocations=8 (full 1):
 PSYoungGen      total 37376K, used 31744K [0x00000000eba00000, 0x00000000ee400000, 0x0000000100000000)
  eden space 31744K, 100% used [0x00000000eba00000,0x00000000ed900000,0x00000000ed900000)
  from space 5632K, 0% used [0x00000000ede80000,0x00000000ede80000,0x00000000ee400000)
  to   space 5632K, 0% used [0x00000000ed900000,0x00000000ed900000,0x00000000ede80000)
 ParOldGen       total 32768K, used 6405K [0x00000000c2e00000, 0x00000000c4e00000, 0x00000000eba00000)
  object space 32768K, 19% used [0x00000000c2e00000,0x00000000c3441450,0x00000000c4e00000)
 Metaspace       used 25232K, capacity 25998K, committed 26112K, reserved 1071104K
  class space    used 3411K, capacity 3518K, committed 3584K, reserved 1048576K
Event: 33.907 GC heap after
Heap after GC invocations=8 (full 1):
 PSYoungGen      total 37376K, used 4724K [0x00000000eba00000, 0x00000000ef280000, 0x0000000100000000)
  eden space 31744K, 0% used [0x00000000eba00000,0x00000000eba00000,0x00000000ed900000)
  from space 5632K, 83% used [0x00000000ed900000,0x00000000edd9d1b8,0x00000000ede80000)
  to   space 5632K, 0% used [0x00000000eed00000,0x00000000eed00000,0x00000000ef280000)
 ParOldGen       total 32768K, used 6413K [0x00000000c2e00000, 0x00000000c4e00000, 0x00000000eba00000)
  object space 32768K, 19% used [0x00000000c2e00000,0x00000000c3443450,0x00000000c4e00000)
 Metaspace       used 25232K, capacity 25998K, committed 26112K, reserved 1071104K
  class space    used 3411K, capacity 3518K, committed 3584K, reserved 1048576K
}
Event: 47.776 GC heap before
{Heap before GC invocations=9 (full 1):
 PSYoungGen      total 37376K, used 36468K [0x00000000eba00000, 0x00000000ef280000, 0x0000000100000000)
  eden space 31744K, 100% used [0x00000000eba00000,0x00000000ed900000,0x00000000ed900000)
  from space 5632K, 83% used [0x00000000ed900000,0x00000000edd9d1b8,0x00000000ede80000)
  to   space 5632K, 0% used [0x00000000eed00000,0x00000000eed00000,0x00000000ef280000)
 ParOldGen       total 32768K, used 22797K [0x00000000c2e00000, 0x00000000c4e00000, 0x00000000eba00000)
  object space 32768K, 69% used [0x00000000c2e00000,0x00000000c4443460,0x00000000c4e00000)
 Metaspace       used 27217K, capacity 28086K, committed 28288K, reserved 1073152K
  class space    used 3595K, capacity 3710K, committed 3712K, reserved 1048576K
Event: 47.812 GC heap after
Heap after GC invocations=9 (full 1):
 PSYoungGen      total 48128K, used 3324K [0x00000000eba00000, 0x00000000ef080000, 0x0000000100000000)
  eden space 44544K, 0% used [0x00000000eba00000,0x00000000eba00000,0x00000000ee580000)
  from space 3584K, 92% used [0x00000000eed00000,0x00000000ef03f3a0,0x00000000ef080000)
  to   space 5632K, 0% used [0x00000000ee580000,0x00000000ee580000,0x00000000eeb00000)
 ParOldGen       total 49664K, used 39189K [0x00000000c2e00000, 0x00000000c5e80000, 0x00000000eba00000)
  object space 49664K, 78% used [0x00000000c2e00000,0x00000000c5445470,0x00000000c5e80000)
 Metaspace       used 27217K, capacity 28086K, committed 28288K, reserved 1073152K
  class space    used 3595K, capacity 3710K, committed 3712K, reserved 1048576K
}

